<?xml version="1.0" encoding="UTF-8" ?>
<testsuite errors="0" failures="0" hostname="AnnettesPC" name="control.ShopControlTest" skipped="0" tests="2" time="0.073" timestamp="2014-05-27T10:49:45">
  <properties>
[...]
</properties>
  <testcase classname="control.ShopControlTest" name="testGetCurrentTillBalanceDKK" time="0.002" />
  <testcase classname="control.ShopControlTest" name="testGetCurrentTillBalanceEUR" time="0.001" />
  <system-out><![CDATA[getCurrentTillBalanceDKK
Calendar: 27.05.14, startBalanceKr: 100.0, startBalanceEur: 100.0
1 stk af 25.0 kr
3 stk af 100.0 kr
forventet: 425.0 og faktisk: 425.0
getCurrentTillBalanceEUR
Calendar: 27.05.14, startBalanceKr: 100.0, startBalanceEur: 100.0
1 stk af 3.0 euro
3 stk af 14.0 euro
forventet: 145.0 og faktisk: 145.0
]]></system-out>
  <system-err><![CDATA[]]></system-err>
</testsuite>
